2020-01-16 09:59:57.735  INFO 4948 --- [restartedMain] o.i.a.MyAutoServiceApplication           : Starting MyAutoServiceApplication on DESKTOP-CGMN9QS with PID 4948 (C:\Users\Patrik\Documents\infiniteam\moj-autoservis-backend\target\classes started by Patrik in C:\Users\Patrik\Documents\infiniteam)
2020-01-16 09:59:57.735  INFO 4948 --- [restartedMain] o.i.a.MyAutoServiceApplication           : No active profile set, falling back to default profiles: default
2020-01-16 09:59:57.829  INFO 4948 --- [restartedMain] .e.DevToolsPropertyDefaultsPostProcessor : Devtools property defaults active! Set 'spring.devtools.add-properties' to 'false' to disable
2020-01-16 09:59:57.829  INFO 4948 --- [restartedMain] .e.DevToolsPropertyDefaultsPostProcessor : For additional web related logging consider setting the 'logging.level.web' property to 'DEBUG'
2020-01-16 09:59:58.934  INFO 4948 --- [restartedMain] .s.d.r.c.RepositoryConfigurationDelegate : Bootstrapping Spring Data repositories in DEFAULT mode.
2020-01-16 09:59:59.012  INFO 4948 --- [restartedMain] .s.d.r.c.RepositoryConfigurationDelegate : Finished Spring Data repository scanning in 63ms. Found 8 repository interfaces.
2020-01-16 09:59:59.342  INFO 4948 --- [restartedMain] trationDelegate$BeanPostProcessorChecker : Bean 'org.springframework.transaction.annotation.ProxyTransactionManagementConfiguration' of type [org.springframework.transaction.annotation.ProxyTransactionManagementConfiguration$$EnhancerBySpringCGLIB$$2bb74e6d] is not eligible for getting processed by all BeanPostProcessors (for example: not eligible for auto-proxying)
2020-01-16 09:59:59.358  INFO 4948 --- [restartedMain] trationDelegate$BeanPostProcessorChecker : Bean 'org.springframework.security.config.annotation.configuration.ObjectPostProcessorConfiguration' of type [org.springframework.security.config.annotation.configuration.ObjectPostProcessorConfiguration$$EnhancerBySpringCGLIB$$c46516a7] is not eligible for getting processed by all BeanPostProcessors (for example: not eligible for auto-proxying)
2020-01-16 09:59:59.374  INFO 4948 --- [restartedMain] trationDelegate$BeanPostProcessorChecker : Bean 'objectPostProcessor' of type [org.springframework.security.config.annotation.configuration.AutowireBeanFactoryObjectPostProcessor] is not eligible for getting processed by all BeanPostProcessors (for example: not eligible for auto-proxying)
2020-01-16 09:59:59.374  INFO 4948 --- [restartedMain] trationDelegate$BeanPostProcessorChecker : Bean 'org.springframework.security.access.expression.method.DefaultMethodSecurityExpressionHandler@48c5ed5f' of type [org.springframework.security.access.expression.method.DefaultMethodSecurityExpressionHandler] is not eligible for getting processed by all BeanPostProcessors (for example: not eligible for auto-proxying)
2020-01-16 09:59:59.374  INFO 4948 --- [restartedMain] trationDelegate$BeanPostProcessorChecker : Bean 'org.springframework.security.config.annotation.method.configuration.GlobalMethodSecurityConfiguration' of type [org.springframework.security.config.annotation.method.configuration.GlobalMethodSecurityConfiguration$$EnhancerBySpringCGLIB$$e939b959] is not eligible for getting processed by all BeanPostProcessors (for example: not eligible for auto-proxying)
2020-01-16 09:59:59.374  INFO 4948 --- [restartedMain] trationDelegate$BeanPostProcessorChecker : Bean 'org.springframework.security.config.annotation.method.configuration.Jsr250MetadataSourceConfiguration' of type [org.springframework.security.config.annotation.method.configuration.Jsr250MetadataSourceConfiguration$$EnhancerBySpringCGLIB$$e8ed16f] is not eligible for getting processed by all BeanPostProcessors (for example: not eligible for auto-proxying)
2020-01-16 09:59:59.374  INFO 4948 --- [restartedMain] trationDelegate$BeanPostProcessorChecker : Bean 'jsr250MethodSecurityMetadataSource' of type [org.springframework.security.access.annotation.Jsr250MethodSecurityMetadataSource] is not eligible for getting processed by all BeanPostProcessors (for example: not eligible for auto-proxying)
2020-01-16 09:59:59.374  INFO 4948 --- [restartedMain] trationDelegate$BeanPostProcessorChecker : Bean 'methodSecurityMetadataSource' of type [org.springframework.security.access.method.DelegatingMethodSecurityMetadataSource] is not eligible for getting processed by all BeanPostProcessors (for example: not eligible for auto-proxying)
2020-01-16 09:59:59.670  INFO 4948 --- [restartedMain] o.s.b.w.embedded.tomcat.TomcatWebServer  : Tomcat initialized with port(s): 8080 (http)
2020-01-16 09:59:59.686  INFO 4948 --- [restartedMain] o.apache.catalina.core.StandardService   : Starting service [Tomcat]
2020-01-16 09:59:59.686  INFO 4948 --- [restartedMain] org.apache.catalina.core.StandardEngine  : Starting Servlet engine: [Apache Tomcat/9.0.26]
2020-01-16 09:59:59.795  INFO 4948 --- [restartedMain] o.a.c.c.C.[Tomcat].[localhost].[/]       : Initializing Spring embedded WebApplicationContext
2020-01-16 09:59:59.795 DEBUG 4948 --- [restartedMain] o.s.web.context.ContextLoader            : Published root WebApplicationContext as ServletContext attribute with name [org.springframework.web.context.WebApplicationContext.ROOT]
2020-01-16 09:59:59.795  INFO 4948 --- [restartedMain] o.s.web.context.ContextLoader            : Root WebApplicationContext: initialization completed in 1953 ms
2020-01-16 09:59:59.983  INFO 4948 --- [restartedMain] com.zaxxer.hikari.HikariDataSource       : HikariPool-1 - Starting...
2020-01-16 10:00:00.124  INFO 4948 --- [restartedMain] com.zaxxer.hikari.HikariDataSource       : HikariPool-1 - Start completed.
2020-01-16 10:00:01.420  INFO 4948 --- [restartedMain] j.LocalContainerEntityManagerFactoryBean : Initialized JPA EntityManagerFactory for persistence unit 'default'
2020-01-16 10:00:01.483  INFO 4948 --- [restartedMain] o.s.b.d.a.OptionalLiveReloadServer       : LiveReload server is running on port 35729
2020-01-16 10:00:02.139  INFO 4948 --- [restartedMain] o.s.s.web.DefaultSecurityFilterChain     : Creating filter chain: any request, [org.springframework.security.web.context.request.async.WebAsyncManagerIntegrationFilter@66ae4a9b, org.springframework.security.web.context.SecurityContextPersistenceFilter@66cc2075, org.springframework.security.web.header.HeaderWriterFilter@7c704745, org.springframework.security.web.authentication.logout.LogoutFilter@6e81e337, org.springframework.security.web.authentication.UsernamePasswordAuthenticationFilter@7b280045, org.springframework.security.web.savedrequest.RequestCacheAwareFilter@1e49915d, org.springframework.security.web.servletapi.SecurityContextHolderAwareRequestFilter@4e26c9da, org.springframework.security.web.authentication.AnonymousAuthenticationFilter@28b061e9, org.springframework.security.web.session.SessionManagementFilter@53f55632, org.springframework.security.web.access.ExceptionTranslationFilter@16220f71, org.springframework.security.web.access.intercept.FilterSecurityInterceptor@3eeed8dc]
2020-01-16 10:00:02.186 DEBUG 4948 --- [restartedMain] o.s.w.s.handler.SimpleUrlHandlerMapping  : Patterns [/**/favicon.ico] in 'faviconHandlerMapping'
2020-01-16 10:00:02.295  INFO 4948 --- [restartedMain] o.s.s.concurrent.ThreadPoolTaskExecutor  : Initializing ExecutorService 'applicationTaskExecutor'
2020-01-16 10:00:02.311 DEBUG 4948 --- [restartedMain] s.w.s.m.m.a.RequestMappingHandlerAdapter : ControllerAdvice beans: 0 @ModelAttribute, 0 @InitBinder, 1 RequestBodyAdvice, 1 ResponseBodyAdvice
2020-01-16 10:00:02.326  WARN 4948 --- [restartedMain] aWebConfiguration$JpaWebMvcConfiguration : spring.jpa.open-in-view is enabled by default. Therefore, database queries may be performed during view rendering. Explicitly configure spring.jpa.open-in-view to disable this warning
2020-01-16 10:00:02.389 DEBUG 4948 --- [restartedMain] s.w.s.m.m.a.RequestMappingHandlerMapping : 48 mappings in 'requestMappingHandlerMapping'
2020-01-16 10:00:02.420 DEBUG 4948 --- [restartedMain] o.s.w.s.handler.SimpleUrlHandlerMapping  : Patterns [/webjars/**, /**] in 'resourceHandlerMapping'
2020-01-16 10:00:02.435 DEBUG 4948 --- [restartedMain] .m.m.a.ExceptionHandlerExceptionResolver : ControllerAdvice beans: 0 @ExceptionHandler, 1 ResponseBodyAdvice
2020-01-16 10:00:02.670  INFO 4948 --- [restartedMain] o.s.b.w.embedded.tomcat.TomcatWebServer  : Tomcat started on port(s): 8080 (http) with context path ''
2020-01-16 10:00:02.670  INFO 4948 --- [restartedMain] o.i.a.MyAutoServiceApplication           : Started MyAutoServiceApplication in 5.555 seconds (JVM running for 7.0)
2020-01-16 10:00:03.173 ERROR 4948 --- [restartedMain] o.h.engine.jdbc.spi.SqlExceptionHelper   : Unique index or primary key violation: "PUBLIC.UK_642CJAE9H9GTU6ONHQ5IDLXII_INDEX_7 ON PUBLIC.AUTO_SERVICE(OIB) VALUES 1"; SQL statement:
insert into auto_service (active, address, latitude, longitude, oib, regular_service_price, shop_name, auto_service_id) values (?, ?, ?, ?, ?, ?, ?, ?) [23505-199]
2020-01-16 10:00:03.173 ERROR 4948 --- [restartedMain] o.h.i.ExceptionMapperStandardImpl        : HHH000346: Error during managed flush [org.hibernate.exception.ConstraintViolationException: could not execute statement]
